<?xml version="1.0" encoding="UTF-8"?>
<!-- Generated by org.testng.reporters.JUnitReportReporter -->
<testsuite skipped="0" hostname="Cakici-PC" name="com.element.WebElements" tests="1" failures="0" timestamp="27 Jun 2018 15:18:05 GMT" time="22.811" errors="0">
  <testcase name="WebElementExamples" time="22.811" classname="com.element.WebElements"/>
</testsuite> <!-- com.element.WebElements -->
